1611376271779	geckodriver	INFO	Listening on 127.0.0.1:61665
1611376274833	mozrunner::runner	INFO	Running command: "C:\\Program Files\\Mozilla Firefox\\firefox.exe" "--marionette" "-foreground" "-no-remote" "-profile" "C:\\Users\\Sherlock\\AppData\\Local\\Temp\\rust_mozprofileHP2oQ4"
Can't find symbol 'eglSwapBuffersWithDamageEXT'.
Can't find symbol 'eglSetDamageRegionKHR'.
console.warn: SearchSettings: "get: No settings file exists, new profile?" (new Error("", "(unknown module)"))
1611376279050	Marionette	INFO	Listening on port 61673
1611376279190	Marionette	WARN	TLS certificate errors will be ignored for this session
1611376414828	Marionette	INFO	Stopped listening on port 61673

###!!! [Child][RunMessage] Error: Channel closing: too late to send/recv, messages will be lost

"--marionette" "-foreground" "-no-remote" "-profile" "C:\\Users\\Sherlock\\AppData\\Local\\Temp\\rust_mozprofiler7hffx"
Can't find symbol 'eglSwapBuffersWithDamageEXT'.
Can't find symbol 'eglSetDamageRegionKHR'.
console.warn: SearchSettings: "get: No settings file exists, new profile?" (new Error("", "(unknown module)"))
1611376295528	Marionette	INFO	Listening on port 61779
1611376295922	Marionette	WARN	TLS certificate errors will be ignored for this session
JavaScript error: , line 0: NotFoundError: No such JSWindowActor 'MarionetteEvents'
JavaScript error: , line 0: NotFoundError: No such JSWindowActor 'MarionetteEvents'
JavaScript error: , line 0: NotFoundError: No such JSWindowActor 'MarionetteEvents'
1611376415703	Marionette	INFO	Stopped listening on port 61779

###!!! [Child][RunMessage] Error: Channel closing: too late to send/recv, messages will be lost

"--marionette" "-foreground" "-no-remote" "-profile" "C:\\Users\\Sherlock\\AppData\\Local\\Temp\\rust_mozprofile35g8Hk"
Can't find symbol 'eglSwapBuffersWithDamageEXT'.
Can't find symbol 'eglSetDamageRegionKHR'.
console.warn: SearchSettings: "get: No settings file exists, new profile?" (new Error("", "(unknown module)"))
1611376311628	Marionette	INFO	Listening on port 61892
1611376311947	Marionette	WARN	TLS certificate errors will be ignored for this session
JavaScript error: resource://gre/modules/XULStore.jsm, line 66: Error: Can't find profile directory.
console.error: "Error while calling actor 'pagestyle's method 'getLayout'" "node is null"
console.error: "getLayout@resource://devtools/server/actors/page-style.js:1005:5\nhandler@resource://devtools/shared/protocol/Actor.js:172:37\nonPacket@resource://devtools/server/devtools-server-connection.js:379:58\nreceiveMessage@resource://devtools/shared/transport/child-transport.js:68:16\n"
console.error: (new TypeError("parent is null", "resource://devtools/client/inspector/shared/style-change-tracker.js", 67))
TypeError: parent is null: canMutationImpactCurrentStyles@resource://devtools/client/inspector/shared/style-change-tracker.js:67:24
onMutations@resource://devtools/client/inspector/shared/style-change-tracker.js:84:41
_emit@resource://devtools/shared/event-emitter.js:226:34
emit@resource://devtools/shared/event-emitter.js:172:18
emit@resource://devtools/shared/event-emitter.js:324:18
getMutations@resource://devtools/client/fronts/walker.js:405:10

console.error: (new Error("Protocol error (TypeError): node is null from: server0.conn0.child3/pagestyle26 (resource://devtools/server/actors/page-style.js:1005:5)", "resource://devtools/shared/protocol/Front.js", 361))
JavaScript error: resource://devtools/client/inspector/markup/views/element-editor.js, line 508: TypeError: this.node.walkerFront is null
JavaScript error: resource://devtools/client/inspector/markup/views/element-editor.js, line 508: TypeError: this.node.walkerFront is null
JavaScript error: resource://devtools/client/inspector/markup/views/element-editor.js, line 508: TypeError: this.node.walkerFront is null
JavaScript error: resource://devtools/client/inspector/markup/views/element-editor.js, line 508: TypeError: this.node.walkerFront is null
JavaScript error: resource://devtools/client/inspector/markup/views/element-editor.js, line 508: TypeError: this.node.walkerFront is null
JavaScript error: resource://devtools/client/inspector/markup/views/element-editor.js, line 508: TypeError: this.node.walkerFront is null
JavaScript error: resource://devtools/client/inspector/markup/views/element-editor.js, line 508: TypeError: this.node.walkerFront is null
JavaScript error: resource://devtools/client/inspector/markup/views/element-editor.js, line 508: TypeError: this.node.walkerFront is null
console.error: "Error while calling actor 'pagestyle's method 'getLayout'" "node is null"
console.error: "getLayout@resource://devtools/server/actors/page-style.js:1005:5\nhandler@resource://devtools/shared/protocol/Actor.js:172:37\nonPacket@resource://devtools/server/devtools-server-connection.js:379:58\nreceiveMessage@resource://devtools/shared/transport/child-transport.js:68:16\n"
console.error: (new TypeError("null has no properties", "resource://devtools/client/inspector/shared/style-change-tracker.js", 67))
TypeError: null has no properties: canMutationImpactCurrentStyles@resource://devtools/client/inspector/shared/style-change-tracker.js:67:24
onMutations@resource://devtools/client/inspector/shared/style-change-tracker.js:84:41
_emit@resource://devtools/shared/event-emitter.js:226:34
emit@resource://devtools/shared/event-emitter.js:172:18
emit@resource://devtools/shared/event-emitter.js:324:18
getMutations@resource://devtools/client/fronts/walker.js:405:10

console.error: (new Error("Protocol error (TypeError): node is null from: server0.conn0.child3/pagestyle26 (resource://devtools/server/actors/page-style.js:1005:5)", "resource://devtools/shared/protocol/Front.js", 361))
JavaScript error: resource://devtools/client/inspector/markup/views/element-editor.js, line 508: TypeError: this.node.walkerFront is null
JavaScript error: resource://devtools/client/inspector/markup/views/element-editor.js, line 508: TypeError: this.node.walkerFront is null
JavaScript error: resource://devtools/client/inspector/markup/views/element-editor.js, line 508: TypeError: this.node.walkerFront is null
JavaScript error: resource://devtools/client/inspector/markup/views/element-editor.js, line 508: TypeError: this.node.walkerFront is null
JavaScript error: resource://devtools/client/inspector/markup/views/element-editor.js, line 508: TypeError: this.node.walkerFront is null
JavaScript error: resource://devtools/client/inspector/markup/views/element-editor.js, line 508: TypeError: this.node.walkerFront is null
JavaScript error: resource://devtools/client/inspector/markup/views/element-editor.js, line 508: TypeError: this.node.walkerFront is null
JavaScript error: resource://devtools/client/inspector/markup/views/element-editor.js, line 508: TypeError: this.node.walkerFront is null
JavaScript error: resource://devtools/client/inspector/markup/views/element-editor.js, line 508: TypeError: this.node.walkerFront is null
console.error: (new TypeError("container.node.targetFront is null", "resource://devtools/client/inspector/markup/markup.js", 2252))
console.error: (new TypeError("container.node.targetFront is null", "resource://devtools/client/inspector/markup/markup.js", 2252))
console.error: (new TypeError("container.node.targetFront is null", "resource://devtools/client/inspector/markup/markup.js", 2252))
console.error: (new TypeError("container.node.targetFront is null", "resource://devtools/client/inspector/markup/markup.js", 2252))
console.error: (new TypeError("container.node.targetFront is null", "resource://devtools/client/inspector/markup/markup.js", 2252))
console.error: (new TypeError("container.node.targetFront is null", "resource://devtools/client/inspector/markup/markup.js", 2252))
console.error: (new TypeError("container.node.targetFront is null", "resource://devtools/client/inspector/markup/markup.js", 2252))
console.error: (new TypeError("container.node.targetFront is null", "resource://devtools/client/inspector/markup/markup.js", 2252))
console.error: (new TypeError("container.node.targetFront is null", "resource://devtools/client/inspector/markup/markup.js", 2252))
JavaScript error: resource://devtools/client/inspector/markup/views/element-editor.js, line 508: TypeError: this.node.walkerFront is null
JavaScript error: resource://devtools/client/inspector/markup/views/element-editor.js, line 508: TypeError: this.node.walkerFront is null
JavaScript error: resource://devtools/client/inspector/markup/views/element-editor.js, line 508: TypeError: this.node.walkerFront is null
JavaScript error: resource://devtools/client/inspector/markup/views/element-editor.js, line 508: TypeError: this.node.walkerFront is null
JavaScript error: resource://devtools/client/inspector/markup/views/element-editor.js, line 508: TypeError: this.node.walkerFront is null
JavaScript error: resource://devtools/client/inspector/markup/views/element-editor.js, line 508: TypeError: this.node.walkerFront is null
JavaScript error: resource://devtools/client/inspector/markup/views/element-editor.js, line 508: TypeError: this.node.walkerFront is null
JavaScript error: resource://devtools/client/inspector/markup/views/element-editor.js, line 508: TypeError: this.node.walkerFront is null
JavaScript error: resource://devtools/client/inspector/markup/views/element-editor.js, line 508: TypeError: this.node.walkerFront is null
JavaScript error: resource://devtools/client/inspector/markup/views/element-editor.js, line 508: TypeError: this.node.walkerFront is null
JavaScript error: resource://devtools/client/inspector/markup/views/element-editor.js, line 508: TypeError: this.node.walkerFront is null
JavaScript error: resource://devtools/client/inspector/markup/views/element-editor.js, line 508: TypeError: this.node.walkerFront is null
JavaScript error: resource://devtools/client/inspector/markup/views/element-editor.js, line 508: TypeError: this.node.walkerFront is null
JavaScript error: resource://devtools/client/inspector/markup/views/element-editor.js, line 508: TypeError: this.node.walkerFront is null
JavaScript error: resource://devtools/client/inspector/markup/views/element-editor.js, line 508: TypeError: this.node.walkerFront is null
JavaScript error: resource://devtools/client/inspector/markup/views/element-editor.js, line 508: TypeError: this.node.walkerFront is null
JavaScript error: resource://devtools/client/inspector/markup/views/element-editor.js, line 508: TypeError: this.node.walkerFront is null
JavaScript error: resource://devtools/client/inspector/markup/views/element-editor.js, line 508: TypeError: this.node.walkerFront is null
JavaScript error: resource://devtools/client/inspector/markup/views/element-editor.js, line 508: TypeError: this.node.walkerFront is null
JavaScript error: resource://devtools/client/inspector/markup/views/element-editor.js, line 508: TypeError: this.node.walkerFront is null
JavaScript error: resource://devtools/client/inspector/markup/views/element-editor.js, line 508: TypeError: this.node.walkerFront is null
JavaScript error: resource://devtools/client/inspector/markup/views/element-editor.js, line 508: TypeError: this.node.walkerFront is null
JavaScript error: resource://devtools/client/inspector/markup/views/element-editor.js, line 508: TypeError: this.node.walkerFront is null
JavaScript error: resource://devtools/client/inspector/markup/views/element-editor.js, line 508: TypeError: this.node.walkerFront is null
JavaScript error: resource://devtools/client/inspector/markup/views/element-editor.js, line 508: TypeError: this.node.walkerFront is null
JavaScript error: resource://devtools/client/inspector/markup/views/element-editor.js, line 508: TypeError: this.node.walkerFront is null
JavaScript error: resource://devtools/client/inspector/markup/views/element-editor.js, line 508: TypeError: this.node.walkerFront is null
JavaScript error: resource://devtools/client/inspector/markup/views/element-editor.js, line 508: TypeError: this.node.walkerFront is null
JavaScript error: resource://devtools/client/inspector/markup/views/element-editor.js, line 508: TypeError: this.node.walkerFront is null
JavaScript error: resource://devtools/client/inspector/markup/views/element-editor.js, line 508: TypeError: this.node.walkerFront is null
JavaScript error: resource://devtools/client/inspector/markup/views/element-editor.js, line 508: TypeError: this.node.walkerFront is null
JavaScript error: resource://devtools/client/inspector/markup/views/element-editor.js, line 508: TypeError: this.node.walkerFront is null
JavaScript error: resource://devtools/client/inspector/markup/views/element-editor.js, line 508: TypeError: this.node.walkerFront is null
JavaScript error: resource://devtools/client/inspector/markup/views/element-editor.js, line 508: TypeError: this.node.walkerFront is null
JavaScript error: resource://devtools/client/inspector/markup/views/element-editor.js, line 508: TypeError: this.node.walkerFront is null
JavaScript error: resource://devtools/client/inspector/markup/views/element-editor.js, line 508: TypeError: this.node.walkerFront is null
JavaScript error: resource://devtools/client/inspector/markup/views/element-editor.js, line 508: TypeError: this.node.walkerFront is null
JavaScript error: resource://devtools/client/inspector/markup/views/element-editor.js, line 508: TypeError: this.node.walkerFront is null
JavaScript error: resource://devtools/client/inspector/markup/views/element-editor.js, line 508: TypeError: this.node.walkerFront is null
JavaScript error: resource://devtools/client/inspector/markup/views/element-editor.js, line 508: TypeError: this.node.walkerFront is null
JavaScript error: resource://devtools/client/inspector/markup/views/element-editor.js, line 508: TypeError: this.node.walkerFront is null
JavaScript error: resource://devtools/client/inspector/markup/views/element-editor.js, line 508: TypeError: this.node.walkerFront is null
JavaScript error: resource://devtools/client/inspector/markup/views/element-editor.js, line 508: TypeError: this.node.walkerFront is null
JavaScript error: resource://devtools/client/inspector/markup/views/element-editor.js, line 508: TypeError: this.node.walkerFront is null
JavaScript error: resource://devtools/client/inspector/markup/views/element-editor.js, line 508: TypeError: this.node.walkerFront is null
JavaScript error: resource://devtools/client/inspector/markup/views/element-editor.js, line 508: TypeError: this.node.walkerFront is null
JavaScript error: resource://devtools/client/inspector/markup/views/element-editor.js, line 508: TypeError: this.node.walkerFront is null
JavaScript error: resource://devtools/client/inspector/markup/views/element-editor.js, line 508: TypeError: this.node.walkerFront is null
JavaScript error: resource://devtools/client/inspector/markup/views/element-editor.js, line 508: TypeError: this.node.walkerFront is null
JavaScript error: resource://devtools/client/inspector/markup/views/element-editor.js, line 508: TypeError: this.node.walkerFront is null
JavaScript error: resource://devtools/client/inspector/markup/views/element-editor.js, line 508: TypeError: this.node.walkerFront is null
JavaScript error: resource://devtools/client/inspector/markup/views/element-editor.js, line 508: TypeError: this.node.walkerFront is null
JavaScript error: resource://devtools/client/inspector/markup/views/element-editor.js, line 508: TypeError: this.node.walkerFront is null
JavaScript error: resource://devtools/client/inspector/markup/views/element-editor.js, line 508: TypeError: this.node.walkerFront is null
JavaScript error: resource://devtools/client/inspector/markup/views/element-editor.js, line 508: TypeError: this.node.walkerFront is null
JavaScript error: resource://devtools/client/inspector/markup/views/element-editor.js, line 508: TypeError: this.node.walkerFront is null
JavaScript error: resource://devtools/client/inspector/markup/views/element-editor.js, line 508: TypeError: this.node.walkerFront is null
JavaScript error: resource://devtools/client/inspector/markup/views/element-editor.js, line 508: TypeError: this.node.walkerFront is null
JavaScript error: resource://devtools/client/inspector/markup/views/element-editor.js, line 508: TypeError: this.node.walkerFront is null
JavaScript error: resource://devtools/client/inspector/markup/views/element-editor.js, line 508: TypeError: this.node.walkerFront is null
JavaScript error: resource://devtools/client/inspector/markup/views/element-editor.js, line 508: TypeError: this.node.walkerFront is null
JavaScript error: resource://devtools/client/inspector/markup/views/element-editor.js, line 508: TypeError: this.node.walkerFront is null
JavaScript error: resource://devtools/client/inspector/markup/views/element-editor.js, line 508: TypeError: this.node.walkerFront is null
JavaScript error: resource://devtools/client/inspector/markup/views/element-editor.js, line 508: TypeError: this.node.walkerFront is null
JavaScript error: resource://devtools/client/inspector/markup/views/element-editor.js, line 508: TypeError: this.node.walkerFront is null
JavaScript error: resource://devtools/client/inspector/markup/views/element-editor.js, line 508: TypeError: this.node.walkerFront is null
JavaScript error: resource://devtools/client/inspector/markup/views/element-editor.js, line 508: TypeError: this.node.walkerFront is null
JavaScript error: resource://devtools/client/inspector/markup/views/element-editor.js, line 508: TypeError: this.node.walkerFront is null
JavaScript error: resource://devtools/client/inspector/markup/views/element-editor.js, line 508: TypeError: this.node.walkerFront is null
JavaScript error: resource://devtools/client/inspector/markup/views/element-editor.js, line 508: TypeError: this.node.walkerFront is null
JavaScript error: resource://devtools/client/inspector/markup/views/element-editor.js, line 508: TypeError: this.node.walkerFront is null
JavaScript error: resource://devtools/client/inspector/markup/views/element-editor.js, line 508: TypeError: this.node.walkerFront is null
JavaScript error: resource://devtools/client/inspector/markup/views/element-editor.js, line 508: TypeError: this.node.walkerFront is null
JavaScript error: resource://devtools/client/inspector/markup/views/element-editor.js, line 508: TypeError: this.node.walkerFront is null
JavaScript error: resource://devtools/client/inspector/markup/views/element-editor.js, line 508: TypeError: this.node.walkerFront is null
JavaScript error: resource://devtools/client/inspector/markup/views/element-editor.js, line 508: TypeError: this.node.walkerFront is null
JavaScript error: resource://devtools/client/inspector/markup/views/element-editor.js, line 508: TypeError: this.node.walkerFront is null
JavaScript error: , line 0: NS_ERROR_NOT_AVAILABLE
JavaScript error: resource://devtools/client/inspector/markup/views/element-editor.js, line 508: TypeError: this.node.walkerFront is null
JavaScript error: resource://devtools/client/inspector/markup/views/element-editor.js, line 508: TypeError: this.node.walkerFront is null
JavaScript error: resource://devtools/client/inspector/markup/views/element-editor.js, line 508: TypeError: this.node.walkerFront is null
JavaScript error: resource://devtools/client/inspector/markup/views/element-editor.js, line 508: TypeError: this.node.walkerFront is null
JavaScript error: resource://devtools/client/inspector/markup/views/element-editor.js, line 508: TypeError: this.node.walkerFront is null
JavaScript error: resource://devtools/client/inspector/markup/views/element-editor.js, line 508: TypeError: this.node.walkerFront is null
JavaScript error: resource://devtools/client/inspector/markup/views/element-editor.js, line 508: TypeError: this.node.walkerFront is null
JavaScript error: resource://devtools/client/inspector/markup/views/element-editor.js, line 508: TypeError: this.node.walkerFront is null
JavaScript error: resource://devtools/client/inspector/markup/views/element-editor.js, line 508: TypeError: this.node.walkerFront is null
JavaScript error: resource://devtools/client/inspector/markup/views/element-editor.js, line 508: TypeError: this.node.walkerFront is null
JavaScript error: resource://devtools/client/inspector/markup/views/element-editor.js, line 508: TypeError: this.node.walkerFront is null
JavaScript error: resource://devtools/client/inspector/markup/views/element-editor.js, line 508: TypeError: this.node.walkerFront is null
JavaScript error: resource://devtools/client/inspector/markup/views/element-editor.js, line 508: TypeError: this.node.walkerFront is null
JavaScript error: resource://devtools/client/inspector/markup/views/element-editor.js, line 508: TypeError: this.node.walkerFront is null
JavaScript error: resource://devtools/client/inspector/markup/views/element-editor.js, line 508: TypeError: this.node.walkerFront is null
JavaScript error: resource://devtools/client/inspector/markup/views/element-editor.js, line 508: TypeError: this.node.walkerFront is null
console.error: (new TypeError("container.node.targetFront is null", "resource://devtools/client/inspector/markup/markup.js", 2252))
console.error: (new TypeError("container.node.targetFront is null", "resource://devtools/client/inspector/markup/markup.js", 2252))
console.error: (new TypeError("container.node.targetFront is null", "resource://devtools/client/inspector/markup/markup.js", 2252))
JavaScript error: resource://devtools/client/inspector/markup/views/element-editor.js, line 508: TypeError: this.node.walkerFront is null
JavaScript error: resource://devtools/client/inspector/markup/views/element-editor.js, line 508: TypeError: this.node.walkerFront is null
JavaScript error: resource://devtools/client/inspector/markup/views/element-editor.js, line 508: TypeError: this.node.walkerFront is null
JavaScript error: resource://devtools/client/inspector/markup/views/element-editor.js, line 508: TypeError: this.node.walkerFront is null
JavaScript error: resource://devtools/client/inspector/markup/views/element-editor.js, line 508: TypeError: this.node.walkerFront is null
JavaScript error: resource://devtools/client/inspector/markup/views/element-editor.js, line 508: TypeError: this.node.walkerFront is null
JavaScript error: resource://devtools/client/inspector/markup/views/element-editor.js, line 508: TypeError: this.node.walkerFront is null
JavaScript error: resource://devtools/client/inspector/markup/views/element-editor.js, line 508: TypeError: this.node.walkerFront is null
JavaScript error: resource://devtools/client/inspector/markup/views/element-editor.js, line 508: TypeError: this.node.walkerFront is null
JavaScript error: resource://devtools/client/inspector/markup/views/element-editor.js, line 508: TypeError: this.node.walkerFront is null
JavaScript error: resource://devtools/client/inspector/markup/views/element-editor.js, line 508: TypeError: this.node.walkerFront is null
JavaScript error: resource://devtools/client/inspector/markup/views/element-editor.js, line 508: TypeError: this.node.walkerFront is null
JavaScript error: resource://devtools/client/inspector/markup/views/element-editor.js, line 508: TypeError: this.node.walkerFront is null
JavaScript error: resource://devtools/client/inspector/markup/views/element-editor.js, line 508: TypeError: this.node.walkerFront is null
JavaScript error: resource://devtools/client/inspector/markup/views/element-editor.js, line 508: TypeError: this.node.walkerFront is null
console.error: (new TypeError("null has no properties", "resource://devtools/client/inspector/shared/style-change-tracker.js", 67))
TypeError: null has no properties: canMutationImpactCurrentStyles@resource://devtools/client/inspector/shared/style-change-tracker.js:67:24
onMutations@resource://devtools/client/inspector/shared/style-change-tracker.js:84:41
_emit@resource://devtools/shared/event-emitter.js:226:34
emit@resource://devtools/shared/event-emitter.js:172:18
emit@resource://devtools/shared/event-emitter.js:324:18
getMutations@resource://devtools/client/fronts/walker.js:405:10

console.error: (new TypeError("container.node.targetFront is null", "resource://devtools/client/inspector/markup/markup.js", 2252))
JavaScript error: resource://devtools/client/inspector/markup/views/element-editor.js, line 508: TypeError: this.node.walkerFront is null
JavaScript error: resource://devtools/client/inspector/markup/views/element-editor.js, line 508: TypeError: this.node.walkerFront is null
JavaScript error: resource://devtools/client/inspector/markup/views/element-editor.js, line 508: TypeError: this.node.walkerFront is null
JavaScript error: resource://devtools/client/inspector/markup/views/element-editor.js, line 508: TypeError: this.node.walkerFront is null
JavaScript error: resource://devtools/client/inspector/markup/views/element-editor.js, line 508: TypeError: this.node.walkerFront is null
1611378032376	Marionette	INFO	Stopped listening on port 61892

###!!! [Child][RunMessage] Error: Channel closing: too late to send/recv, messages will be lost

1611591008045	geckodriver	INFO	Listening on 127.0.0.1:53740
1611591011140	mozrunner::runner	INFO	Running command: "C:\\Program Files\\Mozilla Firefox\\firefox.exe" "--marionette" "-foreground" "-no-remote" "-profile" "C:\\Users\\Sherlock\\AppData\\Local\\Temp\\rust_mozprofileU1nX3x"
Can't find symbol 'eglSwapBuffersWithDamageEXT'.
Can't find symbol 'eglSetDamageRegionKHR'.
console.warn: SearchSettings: "get: No settings file exists, new profile?" (new Error("", "(unknown module)"))
1611591016661	Marionette	INFO	Listening on port 53750
1611591017054	Marionette	WARN	TLS certificate errors will be ignored for this session
1611591077305	Marionette	INFO	Stopped listening on port 53750

###!!! [Child][RunMessage] Error: Channel closing: too late to send/recv, messages will be lost

"--marionette" "-foreground" "-no-remote" "-profile" "C:\\Users\\Sherlock\\AppData\\Local\\Temp\\rust_mozprofileC4zy0F"
Can't find symbol 'eglSwapBuffersWithDamageEXT'.
Can't find symbol 'eglSetDamageRegionKHR'.
console.warn: SearchSettings: "get: No settings file exists, new profile?" (new Error("", "(unknown module)"))
1611591032160	Marionette	INFO	Listening on port 53851
1611591032642	Marionette	WARN	TLS certificate errors will be ignored for this session
1611591077146	Marionette	INFO	Stopped listening on port 53851

###!!! [Child][RunMessage] Error: Channel closing: too late to send/recv, messages will be lost

"--marionette" "-foreground" "-no-remote" "-profile" "C:\\Users\\Sherlock\\AppData\\Local\\Temp\\rust_mozprofileaaZhll"
Can't find symbol 'eglSwapBuffersWithDamageEXT'.
Can't find symbol 'eglSetDamageRegionKHR'.
console.warn: SearchSettings: "get: No settings file exists, new profile?" (new Error("", "(unknown module)"))
1611591047611	Marionette	INFO	Listening on port 53958
1611591047917	Marionette	WARN	TLS certificate errors will be ignored for this session
1611591076402	Marionette	INFO	Stopped listening on port 53958

###!!! [Child][RunMessage] Error: Channel closing: too late to send/recv, messages will be lost

"--marionette" "-foreground" "-no-remote" "-profile" "C:\\Users\\Sherlock\\AppData\\Local\\Temp\\rust_mozprofiledpdcZy"
Can't find symbol 'eglSwapBuffersWithDamageEXT'.
Can't find symbol 'eglSetDamageRegionKHR'.
console.warn: SearchSettings: "get: No settings file exists, new profile?" (new Error("", "(unknown module)"))
1611591063694	Marionette	INFO	Listening on port 54069
1611591064069	Marionette	WARN	TLS certificate errors will be ignored for this session
1611591075775	Marionette	INFO	Stopped listening on port 54069
1611591268733	geckodriver	INFO	Listening on 127.0.0.1:54204
1611591271788	mozrunner::runner	INFO	Running command: "C:\\Program Files\\Mozilla Firefox\\firefox.exe" "--marionette" "-foreground" "-no-remote" "-profile" "C:\\Users\\Sherlock\\AppData\\Local\\Temp\\rust_mozprofileNEVCrx"
Can't find symbol 'eglSwapBuffersWithDamageEXT'.
Can't find symbol 'eglSetDamageRegionKHR'.
console.warn: SearchSettings: "get: No settings file exists, new profile?" (new Error("", "(unknown module)"))
1611591275774	Marionette	INFO	Listening on port 54213
1611591276013	Marionette	WARN	TLS certificate errors will be ignored for this session
1611591363625	Marionette	INFO	Stopped listening on port 54213

###!!! [Child][RunMessage] Error: Channel closing: too late to send/recv, messages will be lost

"--marionette" "-foreground" "-no-remote" "-profile" "C:\\Users\\Sherlock\\AppData\\Local\\Temp\\rust_mozprofileHjPAAk"
Can't find symbol 'eglSwapBuffersWithDamageEXT'.
Can't find symbol 'eglSetDamageRegionKHR'.
console.warn: SearchSettings: "get: No settings file exists, new profile?" (new Error("", "(unknown module)"))
1611591290635	Marionette	INFO	Listening on port 54319
1611591290771	Marionette	WARN	TLS certificate errors will be ignored for this session

###!!! [Parent][RunMessage] Error: Channel error: cannot send/recv

1611591363369	Marionette	INFO	Stopped listening on port 54319

###!!! [Child][RunMessage] Error: Channel closing: too late to send/recv, messages will be lost

k\\AppData\\Local\\Temp\\rust_mozprofilea6ArR3"
Can't find symbol 'eglSwapBuffersWithDamageEXT'.
Can't find symbol 'eglSetDamageRegionKHR'.
console.warn: SearchSettings: "get: No settings file exists, new profile?" (new Error("", "(unknown module)"))
1611591305597	Marionette	INFO	Listening on port 54428
1611591305654	Marionette	WARN	TLS certificate errors will be ignored for this session
1611591364052	Marionette	INFO	Stopped listening on port 54428

###!!! [Child][RunMessage] Error: Channel closing: too late to send/recv, messages will be lost

"--marionette" "-foreground" "-no-remote" "-profile" "C:\\Users\\Sherlock\\AppData\\Local\\Temp\\rust_mozprofilex2F8m1"
Can't find symbol 'eglSwapBuffersWithDamageEXT'.
Can't find symbol 'eglSetDamageRegionKHR'.
console.warn: SearchSettings: "get: No settings file exists, new profile?" (new Error("", "(unknown module)"))
1611591319830	Marionette	INFO	Listening on port 54527
1611591319906	Marionette	WARN	TLS certificate errors will be ignored for this session
1611591362820	Marionette	INFO	Stopped listening on port 54527

###!!! [Child][RunMessage] Error: Channel closing: too late to send/recv, messages will be lost

"--marionette" "-foreground" "-no-remote" "-profile" "C:\\Users\\Sherlock\\AppData\\Local\\Temp\\rust_mozprofileuArJ3B"
Can't find symbol 'eglSwapBuffersWithDamageEXT'.
Can't find symbol 'eglSetDamageRegionKHR'.
console.warn: SearchSettings: "get: No settings file exists, new profile?" (new Error("", "(unknown module)"))
1611591335507	Marionette	INFO	Listening on port 54632
1611591336036	Marionette	WARN	TLS certificate errors will be ignored for this session
1611591361773	Marionette	INFO	Stopped listening on port 54632
